<?xml version="1.0" encoding="utf-8"?><testsuites name="pytest tests"><testsuite name="pytest" errors="0" failures="0" skipped="0" tests="14" time="2.726" timestamp="2026-06-14T21:18:06.066803+00:00" hostname="agent-env-1eb0ab09-abc3-497e-bc50-3de7b41a0e6b"><testcase classname="backend.tests.backend_test.TestHealth" name="test_root" time="0.169" /><testcase classname="backend.tests.backend_test.TestJobsCity" name="test_buildings" time="0.068" /><testcase classname="backend.tests.backend_test.TestApplicantsCity" name="test_buildings" time="0.043" /><testcase classname="backend.tests.backend_test.TestJobs" name="test_jobs_paginated" time="0.044" /><testcase classname="backend.tests.backend_test.TestCompanies" name="test_companies_have_jobs_count" time="0.058" /><testcase classname="backend.tests.backend_test.TestAuth" name="test_login_demo_sets_cookies" time="0.269" /><testcase classname="backend.tests.backend_test.TestAuth" name="test_login_invalid" time="0.267" /><testcase classname="backend.tests.backend_test.TestAuth" name="test_register_creates_user_and_applicant" time="0.312" /><testcase classname="backend.tests.backend_test.TestAuth" name="test_me_with_bearer" time="0.310" /><testcase classname="backend.tests.backend_test.TestAuth" name="test_me_without_auth" time="0.097" /><testcase classname="backend.tests.backend_test.TestApplications" name="test_mine_has_seed_apps" time="0.053" /><testcase classname="backend.tests.backend_test.TestApplications" name="test_create_and_duplicate" time="0.239" /><testcase classname="backend.tests.backend_test.TestApplicantsDetail" name="test_detail_and_compare" time="0.157" /><testcase classname="backend.tests.backend_test.TestAdmin" name="test_seed_idempotent" time="0.549" /></testsuite></testsuites>